--------- beginning of main
05-05 16:28:07.354 11961 11961 I zygote  : Not late-enabling -Xcheck:jni (already on)
05-05 16:28:07.361 11961 11961 W zygote  : Unexpected CPU variant for X86 using defaults: x86
05-05 16:28:07.385 11961 11961 I zygote  : The ClassLoaderContext is a special shared library.
05-05 16:28:07.386 11961 11961 I zygote  : The ClassLoaderContext is a special shared library.
05-05 16:28:07.386 11961 11961 W zygote  : ClassLoaderContext classpath element mismatch for position 0. expected=/system/framework/android.test.mock.jar, found=/system/framework/android.test.runner.jar (PCL[/system/framework/android.test.mock.jar*1065265343:/system/framework/android.test.runner.jar*1742119008] | PCL[/system/framework/android.test.runner.jar*1742119008:/system/framework/android.test.mock.jar*1065265343])
05-05 16:28:07.386 11961 11961 W zygote  : Found duplicate classes, falling back to extracting from APK : /data/app/com.hellowdetox.test--oCuJcE-zc6eUCowML4kEQ==/base.apk
05-05 16:28:07.387 11961 11961 W zygote  : NOTE: This wastes RAM and hurts startup performance.
05-05 16:28:07.387 11961 11961 W zygote  : Found duplicated class when checking oat files: 'Ljunit/runner/BaseTestRunner;' in /system/framework/android.test.runner.jar and /data/app/com.hellowdetox.test--oCuJcE-zc6eUCowML4kEQ==/base.apk!classes2.dex
05-05 16:28:07.387 11961 11961 W zygote  : 
05-05 16:28:07.461 11961 11961 W zygote  : ClassLoaderContext classpath size mismatch for position 0. expected=0, found=4 (PCL[] | PCL[/system/framework/android.test.runner.jar*1742119008:/system/framework/android.test.mock.jar*1065265343:/data/app/com.hellowdetox.test--oCuJcE-zc6eUCowML4kEQ==/base.apk*3531511688:/data/app/com.hellowdetox.test--oCuJcE-zc6eUCowML4kEQ==/base.apk!classes2.dex*2662567364])
05-05 16:28:07.471 11961 11961 W System  : ClassLoader referenced unknown path: 
05-05 16:28:07.495 11961 11961 I MonitoringInstr: Instrumentation started!
05-05 16:28:07.497 11961 11961 I MonitoringInstr: Setting context classloader to 'dalvik.system.PathClassLoader[DexPathList[[zip file "/system/framework/android.test.runner.jar", zip file "/system/framework/android.test.mock.jar", zip file "/data/app/com.hellowdetox.test--oCuJcE-zc6eUCowML4kEQ==/base.apk", zip file "/data/app/com.hellowdetox-kXc3U7W_lCXtAkzNfHk8Ag==/base.apk"],nativeLibraryDirectories=[/data/app/com.hellowdetox.test--oCuJcE-zc6eUCowML4kEQ==/lib/x86, /data/app/com.hellowdetox-kXc3U7W_lCXtAkzNfHk8Ag==/lib/x86, /data/app/com.hellowdetox.test--oCuJcE-zc6eUCowML4kEQ==/base.apk!/lib/x86, /data/app/com.hellowdetox-kXc3U7W_lCXtAkzNfHk8Ag==/base.apk!/lib/x86, /system/lib, /vendor/lib]]]', Original: 'dalvik.system.PathClassLoader[DexPathList[[zip file "/system/framework/android.test.runner.jar", zip file "/system/framework/android.test.mock.jar", zip file "/data/app/com.hellowdetox.test--oCuJcE-zc6eUCowML4kEQ==/base.apk", zip file "/data/app/com.hellowdetox-kXc3U7W_lCXtAkzNfHk8Ag==/base.apk"],nativeLibraryDirectories=[/data/app/com.hellowdetox.test--oCuJcE-zc6eUCowML4kEQ==/lib/x86, /data/app/com.hellowdetox-kXc3U7W_lCXtAkzNfHk8Ag==/lib/x86, /data/app/com.hellowdetox.test--oCuJcE-zc6eUCowML4kEQ==/base.apk!/lib/x86, /data/app/com.hellowdetox-kXc3U7W_lCXtAkzNfHk8Ag==/base.apk!/lib/x86, /system/lib, /vendor/lib]]]'
05-05 16:28:07.503 11961 11961 D SoLoader: init start
05-05 16:28:07.503 11961 11961 D SoLoader: adding system library source: /vendor/lib
05-05 16:28:07.504 11961 11961 D SoLoader: adding system library source: /system/lib
05-05 16:28:07.504 11961 11961 D SoLoader: adding application source: com.facebook.soloader.DirectorySoSource[root = /data/app/com.hellowdetox-kXc3U7W_lCXtAkzNfHk8Ag==/lib/x86 flags = 0]
05-05 16:28:07.505 11961 11961 D SoLoader: adding backup source from : com.facebook.soloader.ApkSoSource[root = /data/data/com.hellowdetox/lib-main flags = 1]
05-05 16:28:07.505 11961 11961 D SoLoader: Preparing SO source: com.facebook.soloader.DirectorySoSource[root = /system/lib flags = 2]
05-05 16:28:07.505 11961 11961 D SoLoader: Preparing SO source: com.facebook.soloader.DirectorySoSource[root = /vendor/lib flags = 2]
05-05 16:28:07.505 11961 11961 D SoLoader: Preparing SO source: com.facebook.soloader.DirectorySoSource[root = /data/app/com.hellowdetox-kXc3U7W_lCXtAkzNfHk8Ag==/lib/x86 flags = 0]
05-05 16:28:07.505 11961 11961 D SoLoader: Preparing SO source: com.facebook.soloader.ApkSoSource[root = /data/data/com.hellowdetox/lib-main flags = 1]
05-05 16:28:07.506 11961 11961 V fb-UnpackingSoSource: locked dso store /data/user/0/com.hellowdetox/lib-main
05-05 16:28:07.508 11961 11961 V fb-UnpackingSoSource: deps mismatch on deps store: regenerating
05-05 16:28:07.508 11961 11961 V fb-UnpackingSoSource: so store dirty: regenerating
05-05 16:28:07.584 11961 11961 D ApkSoSource: not allowing consideration of lib/x86/libc++_shared.so: deferring to libdir
05-05 16:28:07.584 11961 11961 D ApkSoSource: not allowing consideration of lib/x86/libevent-2.1.so: deferring to libdir
05-05 16:28:07.585 11961 11961 D ApkSoSource: not allowing consideration of lib/x86/libevent_core-2.1.so: deferring to libdir
05-05 16:28:07.585 11961 11961 D ApkSoSource: not allowing consideration of lib/x86/libevent_extra-2.1.so: deferring to libdir
05-05 16:28:07.585 11961 11961 D ApkSoSource: not allowing consideration of lib/x86/libfb.so: deferring to libdir
05-05 16:28:07.585 11961 11961 D ApkSoSource: not allowing consideration of lib/x86/libfbjni.so: deferring to libdir
05-05 16:28:07.585 11961 11961 D ApkSoSource: not allowing consideration of lib/x86/libflipper.so: deferring to libdir
05-05 16:28:07.585 11961 11961 D ApkSoSource: not allowing consideration of lib/x86/libfolly_futures.so: deferring to libdir
05-05 16:28:07.586 11961 11961 D ApkSoSource: not allowing consideration of lib/x86/libfolly_json.so: deferring to libdir
05-05 16:28:07.586 11961 11961 D ApkSoSource: not allowing consideration of lib/x86/libglog.so: deferring to libdir
05-05 16:28:07.586 11961 11961 D ApkSoSource: not allowing consideration of lib/x86/libglog_init.so: deferring to libdir
05-05 16:28:07.586 11961 11961 D ApkSoSource: not allowing consideration of lib/x86/libhermes-executor-common-debug.so: deferring to libdir
05-05 16:28:07.587 11961 11961 D ApkSoSource: not allowing consideration of lib/x86/libhermes-executor-common-release.so: deferring to libdir
05-05 16:28:07.587 11961 11961 D ApkSoSource: not allowing consideration of lib/x86/libhermes-executor-debug.so: deferring to libdir
05-05 16:28:07.587 11961 11961 D ApkSoSource: not allowing consideration of lib/x86/libhermes-executor-release.so: deferring to libdir
05-05 16:28:07.587 11961 11961 D ApkSoSource: not allowing consideration of lib/x86/libhermes-inspector.so: deferring to libdir
05-05 16:28:07.587 11961 11961 D ApkSoSource: not allowing consideration of lib/x86/libimagepipeline.so: deferring to libdir
05-05 16:28:07.587 11961 11961 D ApkSoSource: not allowing consideration of lib/x86/libjsc.so: deferring to libdir
05-05 16:28:07.588 11961 11961 D ApkSoSource: not allowing consideration of lib/x86/libjscexecutor.so: deferring to libdir
05-05 16:28:07.588 11961 11961 D ApkSoSource: not allowing consideration of lib/x86/libjsijniprofiler.so: deferring to libdir
05-05 16:28:07.588 11961 11961 D ApkSoSource: not allowing consideration of lib/x86/libjsinspector.so: deferring to libdir
05-05 16:28:07.588 11961 11961 D ApkSoSource: not allowing consideration of lib/x86/libnative-filters.so: deferring to libdir
05-05 16:28:07.588 11961 11961 D ApkSoSource: not allowing consideration of lib/x86/libnative-imagetranscoder.so: deferring to libdir
05-05 16:28:07.588 11961 11961 D ApkSoSource: not allowing consideration of lib/x86/libreact_codegen_reactandroidspec.so: deferring to libdir
05-05 16:28:07.589 11961 11961 D ApkSoSource: not allowing consideration of lib/x86/libreact_nativemodule_core.so: deferring to libdir
05-05 16:28:07.589 11961 11961 D ApkSoSource: not allowing consideration of lib/x86/libreactnativeblob.so: deferring to libdir
05-05 16:28:07.589 11961 11961 D ApkSoSource: not allowing consideration of lib/x86/libreactnativejni.so: deferring to libdir
05-05 16:28:07.589 11961 11961 D ApkSoSource: not allowing consideration of lib/x86/libreactnativeutilsjni.so: deferring to libdir
05-05 16:28:07.589 11961 11961 D ApkSoSource: not allowing consideration of lib/x86/libreactperfloggerjni.so: deferring to libdir
05-05 16:28:07.589 11961 11961 D ApkSoSource: not allowing consideration of lib/x86/libturbomodulejsijni.so: deferring to libdir
05-05 16:28:07.590 11961 11961 D ApkSoSource: not allowing consideration of lib/x86/libyoga.so: deferring to libdir
05-05 16:28:07.590 11961 11961 V fb-UnpackingSoSource: regenerating DSO store com.facebook.soloader.ApkSoSource
05-05 16:28:07.592 11961 11961 V fb-UnpackingSoSource: Finished regenerating DSO store com.facebook.soloader.ApkSoSource
05-05 16:28:07.592 11961 11961 V fb-UnpackingSoSource: starting syncer worker
05-05 16:28:07.601 11961 11961 V fb-UnpackingSoSource: releasing dso store lock for /data/user/0/com.hellowdetox/lib-main (from syncer thread)
05-05 16:28:07.601 11961 11961 V fb-UnpackingSoSource: not releasing dso store lock for /data/user/0/com.hellowdetox/lib-main (syncer thread started)
05-05 16:28:07.601 11961 11961 D SoLoader: init finish: 4 SO sources prepared
05-05 16:28:07.601 11961 11961 D SoLoader: init exiting
05-05 16:28:07.603 11961 11961 D SoLoader: init exiting
05-05 16:28:07.603 11961 11961 D SoLoader: About to load: libjscexecutor.so
05-05 16:28:07.604 11961 11961 D SoLoader: libjscexecutor.so not found on /data/data/com.hellowdetox/lib-main
05-05 16:28:07.604 11961 11961 D SoLoader: libjscexecutor.so found on /data/app/com.hellowdetox-kXc3U7W_lCXtAkzNfHk8Ag==/lib/x86
05-05 16:28:07.604 11961 11961 D SoLoader: Not resolving dependencies for libjscexecutor.so
05-05 16:28:07.612 11961 11961 D JavaScriptCore.Version: 245459.0.0
05-05 16:28:07.612 11961 11961 D SoLoader: Loaded: libjscexecutor.so
05-05 16:28:07.615 11961 11961 D SoLoader: init exiting
05-05 16:28:07.626 11961 11961 D NetworkSecurityConfig: No Network Security Config specified, using platform default
05-05 16:28:07.655 11961 11983 D SoLoader: About to load: libfbjni.so
05-05 16:28:07.656 11961 11983 D SoLoader: libfbjni.so not found on /data/data/com.hellowdetox/lib-main
05-05 16:28:07.656 11961 11983 D SoLoader: libfbjni.so found on /data/app/com.hellowdetox-kXc3U7W_lCXtAkzNfHk8Ag==/lib/x86
05-05 16:28:07.656 11961 11983 D SoLoader: Not resolving dependencies for libfbjni.so
05-05 16:28:07.678 11961 11983 D SoLoader: Loaded: libfbjni.so
05-05 16:28:07.678 11961 11983 D SoLoader: About to load: libflipper.so
05-05 16:28:07.678 11961 11983 D SoLoader: libflipper.so not found on /data/data/com.hellowdetox/lib-main
05-05 16:28:07.678 11961 11983 D SoLoader: libflipper.so found on /data/app/com.hellowdetox-kXc3U7W_lCXtAkzNfHk8Ag==/lib/x86
05-05 16:28:07.678 11961 11983 D SoLoader: Not resolving dependencies for libflipper.so
05-05 16:28:07.731 11961 11983 D SoLoader: Loaded: libflipper.so
05-05 16:28:07.743 11961 11961 I flipper : flipper: FlipperClient::addPlugin Inspector
05-05 16:28:07.743 11961 11961 I flipper : flipper: FlipperClient::addPlugin React
05-05 16:28:07.743 11961 11961 I flipper : flipper: FlipperClient::addPlugin Databases
05-05 16:28:07.744 11961 11961 I flipper : flipper: FlipperClient::addPlugin Preferences
05-05 16:28:07.745 11961 11961 I flipper : flipper: FlipperClient::addPlugin CrashReporter
05-05 16:28:07.747 11961 11961 I flipper : flipper: FlipperClient::addPlugin Network
05-05 16:28:07.750 11961 11961 I MonitoringInstr: No JSBridge.
05-05 16:28:07.754 11961 11977 I MonitoringInstr: Setting context classloader to 'dalvik.system.PathClassLoader[DexPathList[[zip file "/system/framework/android.test.runner.jar", zip file "/system/framework/android.test.mock.jar", zip file "/data/app/com.hellowdetox.test--oCuJcE-zc6eUCowML4kEQ==/base.apk", zip file "/data/app/com.hellowdetox-kXc3U7W_lCXtAkzNfHk8Ag==/base.apk"],nativeLibraryDirectories=[/data/app/com.hellowdetox.test--oCuJcE-zc6eUCowML4kEQ==/lib/x86, /data/app/com.hellowdetox-kXc3U7W_lCXtAkzNfHk8Ag==/lib/x86, /data/app/com.hellowdetox.test--oCuJcE-zc6eUCowML4kEQ==/base.apk!/lib/x86, /data/app/com.hellowdetox-kXc3U7W_lCXtAkzNfHk8Ag==/base.apk!/lib/x86, /system/lib, /vendor/lib]]]', Original: 'dalvik.system.PathClassLoader[DexPathList[[zip file "/system/framework/android.test.runner.jar", zip file "/system/framework/android.test.mock.jar", zip file "/data/app/com.hellowdetox.test--oCuJcE-zc6eUCowML4kEQ==/base.apk", zip file "/data/app/com.hellowdetox-kXc3U7W_lCXtAkzNfHk8Ag==/base.apk"],nativeLibraryDirectories=[/data/app/com.hellowdetox.test--oCuJcE-zc6eUCowML4kEQ==/lib/x86, /data/app/com.hellowdetox-kXc3U7W_lCXtAkzNfHk8Ag==/lib/x86, /data/app/com.hellowdetox.test--oCuJcE-zc6eUCowML4kEQ==/base.apk!/lib/x86, /data/app/com.hellowdetox-kXc3U7W_lCXtAkzNfHk8Ag==/base.apk!/lib/x86, /system/lib, /vendor/lib]]]'
05-05 16:28:07.769 11961 11977 I UsageTrackerFacilitator: Usage tracking enabled
05-05 16:28:07.774 11961 11977 I TestRequestBuilder: Scanning classpath to find tests in paths [/data/app/com.hellowdetox.test--oCuJcE-zc6eUCowML4kEQ==/base.apk]
05-05 16:28:07.776 11961 11977 W zygote  : Opening an oat file without a class loader. Are you using the deprecated DexFile APIs?
05-05 16:28:07.865 11961 11966 I zygote  : Do partial code cache collection, code=29KB, data=21KB
05-05 16:28:07.866 11961 11966 I zygote  : After code cache collection, code=29KB, data=21KB
05-05 16:28:07.866 11961 11966 I zygote  : Increasing code cache capacity to 128KB
05-05 16:28:08.009 11961 11966 I zygote  : Do partial code cache collection, code=57KB, data=35KB
05-05 16:28:08.012 11961 11966 I zygote  : After code cache collection, code=57KB, data=35KB
05-05 16:28:08.012 11961 11966 I zygote  : Increasing code cache capacity to 256KB
05-05 16:28:08.223 11961 11977 D TestExecutor: Adding listener androidx.test.internal.runner.listener.LogRunListener
05-05 16:28:08.225 11961 11977 D TestExecutor: Adding listener androidx.test.internal.runner.listener.InstrumentationResultPrinter
05-05 16:28:08.225 11961 11977 D TestExecutor: Adding listener androidx.test.internal.runner.listener.ActivityFinisherRunListener
05-05 16:28:08.227 11961 11977 I TestRunner: run started: 1 tests
05-05 16:28:08.227 11961 11977 I TestRunner: run finished: 0 tests, 0 failed, 0 ignored
05-05 16:28:08.425 11961 11977 I MonitoringInstr: waitForActivitiesToComplete() took: 1ms
05-05 16:28:08.426 11961 11961 I MonitoringInstr: Activities that are still in CREATED to STOPPED: 0
