detox[8533] TRACE: [DETOX_CREATE] created a Detox instance with config:
{"artifactsConfig":{"rootDir":"artifacts/android.2021-05-05 10-59-10Z","plugins":{"log":{"enabled":true,"keepOnlyFailedTestsArtifacts":false},"screenshot":{"enabled":true,"shouldTakeAutomaticSnapshots":false,"keepOnlyFailedTestsArtifacts":false},"video":{"enabled":false,"keepOnlyFailedTestsArtifacts":false},"instruments":{"enabled":false,"keepOnlyFailedTestsArtifacts":false},"timeline":{"enabled":false},"uiHierarchy":{"enabled":false,"keepOnlyFailedTestsArtifacts":false}},"pathBuilder":{"_rootDir":"artifacts/android.2021-05-05 10-59-10Z"}},"appsConfig":{"default":{"type":"android.apk","binaryPath":"android/app/build/outputs/apk/debug/app-debug.apk","build":"cd android && ./gradlew assembleDebug assembleAndroidTest -DtestBuildType=debug && cd .."}},"behaviorConfig":{"init":{"reinstallApp":true,"exposeGlobals":true},"cleanup":{"shutdownDevice":false},"launchApp":"auto"},"cliConfig":{"recordLogs":"all","configuration":"android","forceAdbInstall":"false","useCustomLogger":"true"},"deviceConfig":{"type":"android.emulator","device":{"avdName":"Pixel_XL_API_27"}},"runnerConfig":{"testRunner":"jest","runnerConfig":"e2e/config.json","specs":"e2e"},"sessionConfig":{"autoStart":true,"server":"ws://localhost:59248","sessionId":"cd266bec-7404-76d6-3cb1-f85d6b26e8c0","debugSynchronization":10000},"errorComposer":{"configurationName":"android","filepath":"/Users/damith/devs/reactNative/HellowDetox/.detoxrc.json","contents":{"testRunner":"jest","runnerConfig":"e2e/config.json","apps":{"ios":{"type":"ios.app","binaryPath":"ios/build/Build/Products/Debug-iphonesimulator/HellowDetox.app","build":"xcodebuild -workspace ios/HellowDetox.xcworkspace  -scheme HellowDetox  -configuration Debug -sdk iphonesimulator -derivedDataPath ios/build"},"android":{"type":"android.apk","binaryPath":"android/app/build/outputs/apk/debug/app-debug.apk","build":"cd android && ./gradlew assembleDebug assembleAndroidTest -DtestBuildType=debug && cd .."},"android.release":{"type":"android.apk","binaryPath":"android/app/build/outputs/apk/release/app-release.apk","build":"cd android && ./gradlew assembleRelease assembleAndroidTest -DtestBuildType=release && cd .."}},"devices":{"simulator":{"type":"ios.simulator","device":{"type":"iPhone 12"}},"emulator":{"type":"android.emulator","device":{"avdName":"Pixel_XL_API_27"}}},"configurations":{"ios":{"device":"simulator","app":"ios"},"android":{"device":"emulator","app":"android"},"android.emu.release":{"device":"emulator","app":"android.release"}}},"_extends":false}}
detox[8533] DEBUG: [WSS_CREATE] Detox server listening on localhost:59248...
detox[8533] DEBUG: [WSS_CONNECTION, #59249] registered a new connection.
detox[8533] TRACE: [WS_OPEN] opened web socket to: ws://localhost:59248
detox[8533] TRACE: [WS_SEND] {"type":"login","params":{"sessionId":"cd266bec-7404-76d6-3cb1-f85d6b26e8c0","role":"tester"},"messageId":0}
detox[8533] TRACE: [WSS_GET_FROM, #59249] {"type":"login","params":{"sessionId":"cd266bec-7404-76d6-3cb1-f85d6b26e8c0","role":"tester"},"messageId":0}
detox[8533] TRACE: [SESSION_CREATED] created session cd266bec-7404-76d6-3cb1-f85d6b26e8c0
detox[8533] TRACE: [WSS_SEND_TO, #tester] {"type":"loginSuccess","params":{"testerConnected":true,"appConnected":false},"messageId":0}
detox[8533] TRACE: [SESSION_JOINED] tester joined session cd266bec-7404-76d6-3cb1-f85d6b26e8c0
detox[8533] TRACE: [WS_MESSAGE] {"type":"loginSuccess","params":{"testerConnected":true,"appConnected":false},"messageId":0}
 
detox[8533] DEBUG: [EXEC_CMD, #0] "/Users/damith/Library/Android/sdk/emulator/emulator" -list-avds --verbose
detox[8533] TRACE: [EXEC_SUCCESS, #0] Nexus_S_API_29
Pixel_XL_API_27
Pixel_XL_API_29
prod-sim

detox[8533] DEBUG: [EXEC_CMD, #1] "/Users/damith/Library/Android/sdk/emulator/emulator" -version 
detox[8533] TRACE: [EXEC_SUCCESS, #1] Android emulator version 30.0.12.0 (build_id 6466327) (CL:N/A)
Copyright (C) 2006-2017 The Android Open Source Project and many others.
This program is a derivative of the QEMU CPU emulator (www.qemu.org).

  This software is licensed under the terms of the GNU General Public
  License version 2, as published by the Free Software Foundation, and
  may be copied, distributed, and modified under those terms.

  This program is distributed in the hope that it will be useful,
  but WITHOUT ANY WARRANTY; without even the implied warranty of
  MERCHANTABILITY or FITNESS FOR A PARTICULAR PURPOSE.  See the
  GNU General Public License for more details.


detox[8533] DEBUG: [EMU_BIN_VERSION_DETECT] Detected emulator binary version { major: 30, minor: 0, patch: 12, toString: [Function: toString] }
detox[8533] DEBUG: [ALLOCATE_DEVICE] Trying to allocate a device based on "Pixel_XL_API_27"
detox[8533] DEBUG: [EXEC_CMD, #2] "/Users/damith/Library/Android/sdk/platform-tools/adb"  devices
detox[8533] DEBUG: [EXEC_SUCCESS, #2] List of devices attached
emulator-16966	device


detox[8533] TRACE: [TELNET_CONNECTING] port: 16966, host: localhost
detox[8533] DEBUG: [DEVICE_LOOKUP] Found a matching & free device emulator-16966
detox[8533] DEBUG: [ALLOCATE_DEVICE] Settled on emulator-16966
detox[8533] DEBUG: [EXEC_CMD, #3] "/Users/damith/Library/Android/sdk/platform-tools/adb" -s emulator-16966 shell "getprop dev.bootcomplete"
detox[8533] TRACE: [EXEC_SUCCESS, #3] 1

detox[8533] TRACE: [ARTIFACTS_LIFECYCLE] artifactsManager.onBootDevice({
  coldBoot: false,
  deviceId: 'emulator-16966',
  type: 'Pixel_XL_API_27'
})
detox[8533] DEBUG: [EXEC_CMD, #4] "/Users/damith/Library/Android/sdk/platform-tools/adb" -s emulator-16966 shell "getprop ro.build.version.sdk"
detox[8533] TRACE: [EXEC_SUCCESS, #4] 27

detox[8533] DEBUG: [EXEC_CMD, #5] "/Users/damith/Library/Android/sdk/platform-tools/adb" -s emulator-16966 shell "settings put global animator_duration_scale 0"
detox[8533] TRACE: [EXEC_SUCCESS, #5] 
detox[8533] DEBUG: [EXEC_CMD, #6] "/Users/damith/Library/Android/sdk/platform-tools/adb" -s emulator-16966 shell "settings put global window_animation_scale 0"
detox[8533] TRACE: [EXEC_SUCCESS, #6] 
detox[8533] DEBUG: [EXEC_CMD, #7] "/Users/damith/Library/Android/sdk/platform-tools/adb" -s emulator-16966 shell "settings put global transition_animation_scale 0"
detox[8533] TRACE: [EXEC_SUCCESS, #7] 
detox[8533] DEBUG: [EXEC_CMD, #8] "/Users/damith/Library/Android/sdk/platform-tools/adb" -s emulator-16966 shell "dumpsys power | grep \"^[ ]*m[UW].*=\""
detox[8533] TRACE: [EXEC_SUCCESS, #8]   mWakefulness=Awake
  mWakefulnessChanging=false
  mWakeLockSummary=0x0
  mUserActivitySummary=0x1
  mWakeUpWhenPluggedOrUnpluggedConfig=false
  mWakeUpWhenPluggedOrUnpluggedInTheaterModeConfig=false
  mUserActivityTimeoutOverrideFromWindowManager=-1
  mUserInactiveOverrideFromWindowManager=false

detox[8533] DEBUG: [EXEC_CMD, #9] "/Users/damith/Library/Android/sdk/build-tools/30.0.0/aapt" dump badging "/Users/damith/devs/reactNative/HellowDetox/android/app/build/outputs/apk/debug/app-debug.apk" | grep -e "package: name="
detox[8533] TRACE: [EXEC_SUCCESS, #9] package: name='com.hellowdetox' versionCode='1' versionName='1.0' compileSdkVersion='29' compileSdkVersionCodename='10'

detox[8533] TRACE: [ARTIFACTS_LIFECYCLE] artifactsManager.onBeforeTerminateApp({ deviceId: 'emulator-16966', bundleId: 'com.hellowdetox' })
detox[8533] DEBUG: [EXEC_CMD, #10] "/Users/damith/Library/Android/sdk/platform-tools/adb" -s emulator-16966 shell "am force-stop com.hellowdetox"
detox[8533] TRACE: [EXEC_SUCCESS, #10] 
detox[8533] TRACE: [ARTIFACTS_LIFECYCLE] artifactsManager.onTerminateApp({ deviceId: 'emulator-16966', bundleId: 'com.hellowdetox' })
detox[8533] TRACE: [ARTIFACTS_LIFECYCLE] artifactsManager.onBeforeUninstallApp({ deviceId: 'emulator-16966', bundleId: 'com.hellowdetox' })
detox[8533] DEBUG: [EXEC_CMD, #11] "/Users/damith/Library/Android/sdk/platform-tools/adb" -s emulator-16966 shell "pm list packages com.hellowdetox"
detox[8533] TRACE: [EXEC_SUCCESS, #11] package:com.hellowdetox
package:com.hellowdetox.test

detox[8533] DEBUG: [EXEC_CMD, #12] "/Users/damith/Library/Android/sdk/platform-tools/adb" -s emulator-16966 uninstall com.hellowdetox
detox[8533] TRACE: [EXEC_SUCCESS, #12] Success

detox[8533] DEBUG: [EXEC_CMD, #13] "/Users/damith/Library/Android/sdk/platform-tools/adb" -s emulator-16966 shell "pm list packages com.hellowdetox.test"
detox[8533] TRACE: [EXEC_SUCCESS, #13] package:com.hellowdetox.test

detox[8533] DEBUG: [EXEC_CMD, #14] "/Users/damith/Library/Android/sdk/platform-tools/adb" -s emulator-16966 uninstall com.hellowdetox.test
detox[8533] TRACE: [EXEC_SUCCESS, #14] Success

detox[8533] DEBUG: [EXEC_CMD, #15] "/Users/damith/Library/Android/sdk/platform-tools/adb" -s emulator-16966 shell "rm -fr /data/local/tmp/detox"
detox[8533] TRACE: [EXEC_SUCCESS, #15] 
detox[8533] DEBUG: [EXEC_CMD, #16] "/Users/damith/Library/Android/sdk/platform-tools/adb" -s emulator-16966 shell "mkdir -p /data/local/tmp/detox"
detox[8533] TRACE: [EXEC_SUCCESS, #16] 
detox[8533] DEBUG: [EXEC_CMD, #17] "/Users/damith/Library/Android/sdk/platform-tools/adb" -s emulator-16966 push "/Users/damith/devs/reactNative/HellowDetox/android/app/build/outputs/apk/debug/app-debug.apk" "/data/local/tmp/detox/Application.apk"
detox[8533] TRACE: [EXEC_SUCCESS, #17] /Users/damith/devs/reactNative/HellowDetox/android/app/build/outputs/apk/debug/app-debug.apk: 1 file pushed, 0 skipped. 126.0 MB/s (40346802 bytes in 0.305s)

detox[8533] DEBUG: [EXEC_CMD, #18] "/Users/damith/Library/Android/sdk/platform-tools/adb" -s emulator-16966 shell "pm install -r -g -t /data/local/tmp/detox/Application.apk"
detox[8533] TRACE: [EXEC_SUCCESS, #18] Success

detox[8533] DEBUG: [EXEC_CMD, #19] "/Users/damith/Library/Android/sdk/platform-tools/adb" -s emulator-16966 push "/Users/damith/devs/reactNative/HellowDetox/android/app/build/outputs/apk/androidTest/debug/app-debug-androidTest.apk" "/data/local/tmp/detox/Test.apk"
detox[8533] TRACE: [EXEC_SUCCESS, #19] /Users/damith/devs/reactNative/HellowDetox/android/app/build/outputs/apk/androidTest/debug/app-debug-androidTest.apk: 1 file pushed, 0 skipped. 223.7 MB/s (1859073 bytes in 0.008s)

detox[8533] DEBUG: [EXEC_CMD, #20] "/Users/damith/Library/Android/sdk/platform-tools/adb" -s emulator-16966 shell "pm install -r -g -t /data/local/tmp/detox/Test.apk"
detox[8533] TRACE: [EXEC_SUCCESS, #20] Success

ROOT_DESCRIBE_BLOCK[8533] TRACE: [ARTIFACTS_LIFECYCLE] artifactsManager.onRunDescribeStart({ name: 'ROOT_DESCRIBE_BLOCK' })
Example[8533] TRACE: [ARTIFACTS_LIFECYCLE] artifactsManager.onRunDescribeStart({ name: 'Example' })
detox[8533] INFO:  [97mExample[39m is assigned to [94memulator-16966 (Pixel_XL_API_27)[39m
detox[8533] TRACE: [ARTIFACTS_LIFECYCLE] artifactsManager.onBeforeTerminateApp({ deviceId: 'emulator-16966', bundleId: 'com.hellowdetox' })
detox[8533] DEBUG: [EXEC_CMD, #21] "/Users/damith/Library/Android/sdk/platform-tools/adb" -s emulator-16966 shell "am force-stop com.hellowdetox"
detox[8533] TRACE: [EXEC_SUCCESS, #21] 
detox[8533] TRACE: [ARTIFACTS_LIFECYCLE] artifactsManager.onTerminateApp({ deviceId: 'emulator-16966', bundleId: 'com.hellowdetox' })
detox[8533] TRACE: [ARTIFACTS_LIFECYCLE] artifactsManager.onBeforeLaunchApp({
  deviceId: 'emulator-16966',
  bundleId: 'com.hellowdetox',
  launchArgs: {
    detoxServer: 'ws://localhost:59248',
    detoxSessionId: 'cd266bec-7404-76d6-3cb1-f85d6b26e8c0'
  }
})
detox[8533] DEBUG: [EXEC_CMD, #22] "/Users/damith/Library/Android/sdk/platform-tools/adb" -s emulator-16966 shell "date +\"%m-%d %T.000\""
detox[8533] TRACE: [EXEC_SUCCESS, #22] 05-05 16:29:18.000

detox[8533] DEBUG: [EXEC_CMD, #23] "/Users/damith/Library/Android/sdk/platform-tools/adb" -s emulator-16966 reverse tcp:59248 tcp:59248
detox[8533] TRACE: [EXEC_SUCCESS, #23] 
detox[8533] DEBUG: [EXEC_CMD, #24] "/Users/damith/Library/Android/sdk/platform-tools/adb" -s emulator-16966 shell "pm list instrumentation"
detox[8533] TRACE: [EXEC_SUCCESS, #24] instrumentation:com.android.emulator.smoketests/android.support.test.runner.AndroidJUnitRunner (target=com.android.emulator.smoketests)
instrumentation:com.hellowdetox.test/androidx.test.runner.AndroidJUnitRunner (target=com.hellowdetox)
instrumentation:org.chromium.webview_shell/.WebViewLayoutTestRunner (target=org.chromium.webview_shell)

detox[8533] DEBUG: [SPAWN_CMD, #8565] /Users/damith/Library/Android/sdk/platform-tools/adb -s emulator-16966 shell am instrument -w -r -e detoxServer ws://localhost:59248 -e detoxSessionId cd266bec-7404-76d6-3cb1-f85d6b26e8c0 -e debug false com.hellowdetox.test/androidx.test.runner.AndroidJUnitRunner
detox[8533] DEBUG: [EXEC_CMD, #25] "/Users/damith/Library/Android/sdk/platform-tools/adb" -s emulator-16966 shell "ps | grep \"com\.hellowdetox$\""
detox[8533] TRACE: [EXEC_SUCCESS, #25] u0_a123      12224  8428 1428640  77188 futex_wait_queue_me 0 S com.hellowdetox

detox[12224] TRACE: [ARTIFACTS_LIFECYCLE] artifactsManager.onLaunchApp({
  deviceId: 'emulator-16966',
  bundleId: 'com.hellowdetox',
  launchArgs: {
    detoxServer: 'ws://localhost:59248',
    detoxSessionId: 'cd266bec-7404-76d6-3cb1-f85d6b26e8c0'
  },
  pid: 12224
})
detox[8533] TRACE: [ARTIFACT_START] starting ADBLogcatRecording
detox[8533] DEBUG: [SPAWN_CMD, #8567] /Users/damith/Library/Android/sdk/platform-tools/adb -s emulator-16966 shell "logcat -T \"05-05 16:29:18.000\" --pid=12224 -f /sdcard/162911806_0.log"
detox[8533] DEBUG: [EXEC_CMD, #26] "/Users/damith/Library/Android/sdk/platform-tools/adb" -s emulator-16966 shell du /sdcard/162911806_0.log
detox[8533] TRACE: [EXEC_SUCCESS, #26] 16	/sdcard/162911806_0.log

detox[8533] TRACE: [SPAWN_STDOUT, #8565] INSTRUMENTATION_RESULT: stream=

Time: 0

OK (0 tests)


INSTRUMENTATION_CODE: -1

detox[8533] DEBUG: [SPAWN_END, #8565] /Users/damith/Library/Android/sdk/platform-tools/adb -s emulator-16966 shell am instrument -w -r -e detoxServer ws://localhost:59248 -e detoxSessionId cd266bec-7404-76d6-3cb1-f85d6b26e8c0 -e debug false com.hellowdetox.test/androidx.test.runner.AndroidJUnitRunner finished with code = 0
detox[8533] DEBUG: [EXEC_CMD, #27] "/Users/damith/Library/Android/sdk/platform-tools/adb" -s emulator-16966 reverse --remove tcp:59248
detox[8533] TRACE: [ARTIFACTS_LIFECYCLE] artifactsManager.onHookFailure({
  error: DetoxRuntimeError: Failed to run application on the device
  
  HINT: Most likely, your tests have timed out and called detox.cleanup() while it was waiting for "ready" message (over WebSocket) from the instrumentation process.
      at MonitoredInstrumentation._getInstrumentationCrashError (/Users/damith/devs/reactNative/HellowDetox/node_modules/detox/src/devices/drivers/android/tools/MonitoredInstrumentation.js:68:12)
      at MonitoredInstrumentation._rejectPendingCrashPromise (/Users/damith/devs/reactNative/HellowDetox/node_modules/detox/src/devices/drivers/android/tools/MonitoredInstrumentation.js:56:37)
      at MonitoredInstrumentation._onInstrumentationTerminated (/Users/damith/devs/reactNative/HellowDetox/node_modules/detox/src/devices/drivers/android/tools/MonitoredInstrumentation.js:51:10)
      at Instrumentation._onTerminated (/Users/damith/devs/reactNative/HellowDetox/node_modules/detox/src/devices/drivers/android/tools/Instrumentation.js:52:18)
      at processTicksAndRejections (internal/process/task_queues.js:97:5),
  hook: 'beforeAll'
})
detox[8533] INFO:  [1m[37mExample: [39m[22m[90mshould have welcome screen[39m
detox[8533] INFO:  [1m[37mExample: [39m[22m[90mshould have welcome screen[39m[90m [[31mFAIL[90m][39m
Example[8533] TRACE: [ARTIFACTS_LIFECYCLE] artifactsManager.onRunDescribeFinish({ name: 'Example' })
ROOT_DESCRIBE_BLOCK[8533] TRACE: [ARTIFACTS_LIFECYCLE] artifactsManager.onRunDescribeFinish({ name: 'ROOT_DESCRIBE_BLOCK' })
detox[8533] TRACE: [ARTIFACTS_LIFECYCLE] artifactsManager.onBeforeCleanup()
detox[8533] TRACE: [EXEC_SUCCESS, #27] 
detox[8533] TRACE: [ARTIFACT_SAVE] saving ADBLogcatRecording to: artifacts/android.2021-05-05 10-59-10Z/emulator-16966 2021-05-05 10-59-20Z.startup.log
detox[8533] TRACE: [ARTIFACT_STOP] stopping ADBLogcatRecording
detox[8533] DEBUG: [EXEC_CMD, #28] "/Users/damith/Library/Android/sdk/platform-tools/adb" -s emulator-16966 shell "date +\"%m-%d %T.000\""
detox[8533] TRACE: [EXEC_SUCCESS, #28] 05-05 16:29:20.000

detox[8533] TRACE: [SPAWN_KILL, #8567] sending SIGINT to: /Users/damith/Library/Android/sdk/platform-tools/adb -s emulator-16966 shell logcat -T "05-05 16:29:18.000" --pid=12224 -f /sdcard/162911806_0.log
detox[8533] DEBUG: [SPAWN_END, #8567] /Users/damith/Library/Android/sdk/platform-tools/adb -s emulator-16966 shell "logcat -T \"05-05 16:29:18.000\" --pid=12224 -f /sdcard/162911806_0.log" terminated with SIGINT
detox[8533] DEBUG: [EXEC_CMD, #29] "/Users/damith/Library/Android/sdk/platform-tools/adb" -s emulator-16966 pull "/sdcard/162911806_0.log" "artifacts/android.2021-05-05 10-59-10Z/emulator-16966 2021-05-05 10-59-20Z.startup.log"
detox[8533] TRACE: [EXEC_SUCCESS, #29] /sdcard/162911806_0.log: 1 file pulled, 0 skipped. 12.1 MB/s (14646 bytes in 0.001s)

detox[8533] DEBUG: [EXEC_CMD, #30] "/Users/damith/Library/Android/sdk/platform-tools/adb" -s emulator-16966 shell "rm  \"/sdcard/162911806_0.log\""
detox[8533] TRACE: [EXEC_SUCCESS, #30] 
detox[8533] TRACE: [ARTIFACT_START] starting FileArtifact
detox[8533] TRACE: [ARTIFACT_STOP] stopping FileArtifact
detox[8533] TRACE: [ARTIFACT_SAVE] saving FileArtifact to: artifacts/android.2021-05-05 10-59-10Z/detox_pid_8533.json.log { append: true }
detox[8533] TRACE: [ARTIFACT_START] starting FileArtifact
detox[8533] TRACE: [ARTIFACT_STOP] stopping FileArtifact
detox[8533] TRACE: [ARTIFACT_SAVE] saving FileArtifact to: artifacts/android.2021-05-05 10-59-10Z/detox_pid_8533.log { append: true }
detox[8533] DEBUG: [MOVE_FILE] moving "/private/var/folders/vr/plrnhmvs35lc5pswx55w9spc0000gn/T/0aaaa4e1-51ce-4072-8994-516092241786.detox.log" to artifacts/android.2021-05-05 10-59-10Z/detox_pid_8533.log
detox[8533] DEBUG: [MOVE_FILE] moving "/private/var/folders/vr/plrnhmvs35lc5pswx55w9spc0000gn/T/5be04445-01d3-455f-a081-e37085b9eed2.detox.log" to artifacts/android.2021-05-05 10-59-10Z/detox_pid_8533.json.log
detox[8533] ERROR: [APP_UNREACHABLE] Failed to reach the app over the web socket connection.

HINT: 

1. If you don't see your app running on the device, there's a chance
   that your app has crashed prematurely. To get the crash details,
   you can run Detox tests with "--record-logs all" CLI option
   and then inspect the device logs in the artifacts folder.

2. If your app IS running on the device, yet you see this message:
a) The native part of Detox failed to connect to the Detox server over
   web sockets. If this is the case, the device's logs should contain
   messages about those failed connection attempts.

b) The app is running without Detox native code injected.
   Make sure you don't launch it manually. If you don't, examine the logs
   from the device. If you see a crash related to Detox native code, you
   are welcome to report it on our GitHub tracker.
   In case if you are debugging your native code integration with Detox,
   these guides may prove helpful:

   * https://github.com/wix/Detox/blob/master/docs/Guide.DebuggingInAndroidStudio.md
   * https://github.com/wix/Detox/blob/master/docs/Guide.DebuggingInXcode.md


detox[8533] TRACE: [SESSION_TORN] tester exited session cd266bec-7404-76d6-3cb1-f85d6b26e8c0
detox[8533] DEBUG: [WSS_CLOSE] Detox server has been closed gracefully
